<?xml version="1.0" encoding="UTF-8" standalone="yes" ?>
<test-results name="F:\Case Softplan\Case_Softplan_Delphi\TestProject\Win32\Debug\TestsSoftDownloader.exe" total="6" errors="0" failures="0" ignored="0" inconclusive="0" not-run="0" skipped="0" invalid="0" date="2022-04-05" time="0.056">
  <culture-info current-culture="en" current-uiculture="en" />
  <test-suite type="Assembly" name="TestsSoftDownloader.exe" executed="true" result="Success" success="True" time="0.056" asserts="0">
    <results>
        <test-suite type="Namespace" name="Unit1" executed="true" result="Success" success="True" time="0.056" asserts="0" >
          <results>
              <test-suite type="Fixture" name="TMyTestObject" executed="True" result="Success" success="True" time="0.056" >
                <results>
                  <test-case name="Test1" executed="True" result="Success" success="True" time="0.000" asserts="0" />
                  <test-case name="Test2.TestA" executed="True" result="Success" success="True" time="0.000" asserts="0" />
                  <test-case name="Test2.TestB" executed="True" result="Success" success="True" time="0.000" asserts="0" />
                </results>
              </test-suite>
          </results>
        </test-suite>
        <test-suite type="Namespace" name="Models" executed="true" result="Success" success="True" time="0.032" asserts="0" >
          <results>
              <test-suite type="Fixture" name="TMyTestObject" executed="True" result="Success" success="True" time="0.032" >
                <results>
                  <test-case name="Test1" executed="True" result="Success" success="True" time="0.000" asserts="0" />
                  <test-case name="Test2.TestA" executed="True" result="Success" success="True" time="0.000" asserts="0" />
                  <test-case name="Test2.TestB" executed="True" result="Success" success="True" time="0.000" asserts="0" />
                </results>
              </test-suite>
          </results>
        </test-suite>
    </results>
  </test-suite>
</test-results>
